IP Upgrade report for soc_eq_solver
Thu Apr 18 20:11:58 2019
Quartus Prime Version 18.1.0 Build 625 09/12/2018 SJ Lite Edition


---------------------
; Table of Contents ;
---------------------
  1. Legal Notice
  2. IP Upgrade Summary
  3. Successfully Upgraded IP Components
  4. IP Upgrade Messages



----------------
; Legal Notice ;
----------------
Copyright (C) 2018  Intel Corporation. All rights reserved.
Your use of Intel Corporation's design tools, logic functions 
and other software and tools, and its AMPP partner logic 
functions, and any output files from any of the foregoing 
(including device programming or simulation files), and any 
associated documentation or information are expressly subject 
to the terms and conditions of the Intel Program License 
Subscription Agreement, the Intel Quartus Prime License Agreement,
the Intel FPGA IP License Agreement, or other applicable license
agreement, including, without limitation, that your use is for
the sole purpose of programming logic devices manufactured by
Intel and sold by Intel or its authorized distributors.  Please
refer to the applicable agreement for further details.



+----------------------------------------------------------------------------+
; IP Upgrade Summary                                                         ;
+------------------------------+---------------------------------------------+
; IP Components Upgrade Status ; Passed - Thu Apr 18 20:11:58 2019           ;
; Quartus Prime Version        ; 18.1.0 Build 625 09/12/2018 SJ Lite Edition ;
; Revision Name                ; soc_eq_solver                               ;
; Top-level Entity Name        ; soc_eq_solver_system                        ;
; Family                       ; Cyclone V                                   ;
+------------------------------+---------------------------------------------+


+-----------------------------------------------------------------------------------------------------------------------------------------------------------------------------------------+
; Successfully Upgraded IP Components                                                                                                                                                     ;
+-------------------+----------------+---------+---------------------------------------------------+------------------------+---------------------------------------------------+---------+
; Entity Name       ; Component Name ; Version ; Original Source File                              ; Generation File Path   ; New Source File                                   ; Message ;
+-------------------+----------------+---------+---------------------------------------------------+------------------------+---------------------------------------------------+---------+
; soc_eq_solver_hps ; Qsys           ; 18.0    ; soc_eq_solver_hps/synthesis/soc_eq_solver_hps.qip ; soc_eq_solver_hps.qsys ; soc_eq_solver_hps/synthesis/soc_eq_solver_hps.qip ;         ;
+-------------------+----------------+---------+---------------------------------------------------+------------------------+---------------------------------------------------+---------+


+---------------------+
; IP Upgrade Messages ;
+---------------------+
Info (11902): Backing up file "soc_eq_solver_hps.qsys" to "soc_eq_solver_hps.BAK.qsys"
Info (11902): Backing up file "soc_eq_solver_hps/synthesis/soc_eq_solver_hps.vhd" to "soc_eq_solver_hps.BAK.vhd"
Info (11837): Started upgrading IP component Qsys with file "soc_eq_solver_hps.qsys"
Info: 2019.04.18.20:08:53 Info: Starting to upgrade the IP cores in the Platform Designer system
Info: 2019.04.18.20:08:53 Info: Finished upgrading the ip cores
Info: 2019.04.18.20:09:17 Info: Saving generation log to D:/personal/report/master thesis/design_files/soc_eq_solver_serial/soc_eq_solver_hps
Info: 2019.04.18.20:09:17 Info: Starting: Create simulation model
Info: 2019.04.18.20:09:17 Info: qsys-generate "D:\personal\report\master thesis\design_files\soc_eq_solver_serial\soc_eq_solver_hps.qsys" --simulation=VHDL --allow-mixed-language-simulation --output-directory="D:\personal\report\master thesis\design_files\soc_eq_solver_serial\soc_eq_solver_hps\simulation" --family="Cyclone V" --part=5CSEMA5F31C6
Info: 2019.04.18.20:09:17 Info: Loading soc_eq_solver_serial
Info: 2019.04.18.20:09:18 Info: Reading input file
Info: 2019.04.18.20:09:18 Info: Adding ARM_A9_HPS [altera_hps 18.1]
Info: 2019.04.18.20:09:18 Info: Parameterizing module ARM_A9_HPS
Info: 2019.04.18.20:09:18 Info: Adding Onchip_SRAM [altera_avalon_onchip_memory2 18.1]
Info: 2019.04.18.20:09:18 Info: Parameterizing module Onchip_SRAM
Info: 2019.04.18.20:09:18 Info: Adding System_PLL [altera_up_avalon_sys_sdram_pll 18.0]
Info: 2019.04.18.20:09:18 Info: Parameterizing module System_PLL
Info: 2019.04.18.20:09:18 Info: Adding clock_bridge_0 [altera_clock_bridge 18.1]
Info: 2019.04.18.20:09:18 Info: Parameterizing module clock_bridge_0
Info: 2019.04.18.20:09:18 Info: Adding fifo_HPS_to_FPGA [altera_avalon_fifo 18.1]
Info: 2019.04.18.20:09:18 Info: Parameterizing module fifo_HPS_to_FPGA
Info: 2019.04.18.20:09:18 Info: Adding ready [altera_avalon_pio 18.1]
Info: 2019.04.18.20:09:18 Info: Parameterizing module ready
Info: 2019.04.18.20:09:18 Info: Building connections
Info: 2019.04.18.20:09:18 Info: Parameterizing connections
Info: 2019.04.18.20:09:18 Info: Validating
Info: 2019.04.18.20:09:25 Info: Done reading input file
Info: 2019.04.18.20:09:28 Info: soc_eq_solver_hps.ARM_A9_HPS: HPS Main PLL counter settings: n = 0  m = 73
Info: 2019.04.18.20:09:28 Info: soc_eq_solver_hps.ARM_A9_HPS: HPS peripherial PLL counter settings: n = 0  m = 39
Warning: 2019.04.18.20:09:28 Warning: soc_eq_solver_hps.ARM_A9_HPS: "QSPI clock frequency" (desired_qspi_clk_mhz) requested 400.0 MHz, but only achieved 370.0 MHz
Warning: 2019.04.18.20:09:28 Warning: soc_eq_solver_hps.ARM_A9_HPS: 1 or more output clock frequencies cannot be achieved precisely, consider revising desired output clock frequencies.
Info: 2019.04.18.20:09:28 Info: soc_eq_solver_hps.System_PLL: Refclk Freq: 50.0
Warning: 2019.04.18.20:09:28 Warning: soc_eq_solver_hps.: You have exported the interface fifo_HPS_to_FPGA.out but not its associated reset interface.  Export the driver(s) of fifo_HPS_to_FPGA.reset_out
Warning: 2019.04.18.20:09:28 Warning: soc_eq_solver_hps.: You have exported the interface fifo_HPS_to_FPGA.out_csr but not its associated reset interface.  Export the driver(s) of fifo_HPS_to_FPGA.reset_out
Warning: 2019.04.18.20:09:28 Warning: soc_eq_solver_hps.: You have exported the interface Onchip_SRAM.s1 but not its associated reset interface.  Export the driver(s) of Onchip_SRAM.reset1
Info: 2019.04.18.20:09:29 Info: soc_eq_solver_hps: Generating soc_eq_solver_hps "soc_eq_solver_hps" for SIM_VHDL
Info: 2019.04.18.20:09:37 Info: Inserting clock-crossing logic between cmd_demux.src1 and cmd_mux_001.sink0
Info: 2019.04.18.20:09:37 Info: Inserting clock-crossing logic between cmd_demux_001.src1 and cmd_mux_001.sink1
Info: 2019.04.18.20:09:37 Info: Inserting clock-crossing logic between rsp_demux_001.src0 and rsp_mux.sink1
Info: 2019.04.18.20:09:37 Info: Inserting clock-crossing logic between rsp_demux_001.src1 and rsp_mux_001.sink1
Warning: 2019.04.18.20:09:37 Warning: ARM_A9_HPS.f2h_irq0: Cannot connect clock for irq_mapper.sender
Warning: 2019.04.18.20:09:37 Warning: ARM_A9_HPS.f2h_irq0: Cannot connect reset for irq_mapper.sender
Warning: 2019.04.18.20:09:37 Warning: ARM_A9_HPS.f2h_irq1: Cannot connect clock for irq_mapper_001.sender
Warning: 2019.04.18.20:09:37 Warning: ARM_A9_HPS.f2h_irq1: Cannot connect reset for irq_mapper_001.sender
Info: 2019.04.18.20:09:43 Info: ARM_A9_HPS: "Running  for module: ARM_A9_HPS"
Info: 2019.04.18.20:09:43 Info: ARM_A9_HPS: HPS Main PLL counter settings: n = 0  m = 73
Info: 2019.04.18.20:09:44 Info: ARM_A9_HPS: HPS peripherial PLL counter settings: n = 0  m = 39
Warning: 2019.04.18.20:09:44 Warning: ARM_A9_HPS: "QSPI clock frequency" (desired_qspi_clk_mhz) requested 400.0 MHz, but only achieved 370.0 MHz
Warning: 2019.04.18.20:09:44 Warning: ARM_A9_HPS: 1 or more output clock frequencies cannot be achieved precisely, consider revising desired output clock frequencies.
Info: 2019.04.18.20:09:46 Info: ARM_A9_HPS: "soc_eq_solver_hps" instantiated altera_hps "ARM_A9_HPS"
Info: 2019.04.18.20:09:46 Info: Onchip_SRAM: Starting RTL generation for module 'soc_eq_solver_hps_Onchip_SRAM'
Info: 2019.04.18.20:09:46 Info: Onchip_SRAM:   Generation command is [exec C:/intelfpga_lite/18.1/quartus/bin64/perl/bin/perl.exe -I C:/intelfpga_lite/18.1/quartus/bin64/perl/lib -I C:/intelfpga_lite/18.1/quartus/sopc_builder/bin/europa -I C:/intelfpga_lite/18.1/quartus/sopc_builder/bin/perl_lib -I C:/intelfpga_lite/18.1/quartus/sopc_builder/bin -I C:/intelfpga_lite/18.1/quartus/../ip/altera/sopc_builder_ip/common -I C:/intelfpga_lite/18.1/quartus/../ip/altera/sopc_builder_ip/altera_avalon_onchip_memory2 -- C:/intelfpga_lite/18.1/quartus/../ip/altera/sopc_builder_ip/altera_avalon_onchip_memory2/generate_rtl.pl --name=soc_eq_solver_hps_Onchip_SRAM --dir=C:/Users/jramg/AppData/Local/Temp/alt8004_8809057463365077457.dir/0002_Onchip_SRAM_gen/ --quartus_dir=C:/intelfpga_lite/18.1/quartus --vhdl --config=C:/Users/jramg/AppData/Local/Temp/alt8004_8809057463365077457.dir/0002_Onchip_SRAM_gen//soc_eq_solver_hps_Onchip_SRAM_component_configuration.pl  --do_build_sim=1    --sim_dir=C:/Users/jramg/AppData/Local/Temp/alt8004_8809057463365077457.dir/0002_Onchip_SRAM_gen
Info: 2019.04.18.20:09:47 Info: Onchip_SRAM: Done RTL generation for module 'soc_eq_solver_hps_Onchip_SRAM'
Info: 2019.04.18.20:09:47 Info: Onchip_SRAM: "soc_eq_solver_hps" instantiated altera_avalon_onchip_memory2 "Onchip_SRAM"
Info: 2019.04.18.20:09:48 Info: System_PLL: "soc_eq_solver_hps" instantiated altera_up_avalon_sys_sdram_pll "System_PLL"
Info: 2019.04.18.20:09:48 Info: fifo_HPS_to_FPGA: Starting RTL generation for module 'soc_eq_solver_hps_fifo_HPS_to_FPGA'
Info: 2019.04.18.20:09:48 Info: fifo_HPS_to_FPGA:   Generation command is [exec C:/intelfpga_lite/18.1/quartus/bin64/perl/bin/perl.exe -I C:/intelfpga_lite/18.1/quartus/bin64/perl/lib -I C:/intelfpga_lite/18.1/quartus/sopc_builder/bin/europa -I C:/intelfpga_lite/18.1/quartus/sopc_builder/bin/perl_lib -I C:/intelfpga_lite/18.1/quartus/sopc_builder/bin -I C:/intelfpga_lite/18.1/quartus/../ip/altera/sopc_builder_ip/common -I C:/intelfpga_lite/18.1/quartus/../ip/altera/sopc_builder_ip/altera_avalon_fifo -- C:/intelfpga_lite/18.1/quartus/../ip/altera/sopc_builder_ip/altera_avalon_fifo/generate_rtl.pl --name=soc_eq_solver_hps_fifo_HPS_to_FPGA --dir=C:/Users/jramg/AppData/Local/Temp/alt8004_8809057463365077457.dir/0003_fifo_HPS_to_FPGA_gen/ --quartus_dir=C:/intelfpga_lite/18.1/quartus --vhdl --config=C:/Users/jramg/AppData/Local/Temp/alt8004_8809057463365077457.dir/0003_fifo_HPS_to_FPGA_gen//soc_eq_solver_hps_fifo_HPS_to_FPGA_component_configuration.pl  --do_build_sim=1    --sim_dir=C:/Users/jramg/AppData/Local/Temp/alt8004_8809057463365077457.dir/0003_fifo_HPS_to_FPGA_gen
Info: 2019.04.18.20:09:49 Info: fifo_HPS_to_FPGA: Done RTL generation for module 'soc_eq_solver_hps_fifo_HPS_to_FPGA'
Info: 2019.04.18.20:09:49 Info: fifo_HPS_to_FPGA: "soc_eq_solver_hps" instantiated altera_avalon_fifo "fifo_HPS_to_FPGA"
Info: 2019.04.18.20:09:49 Info: ready: Starting RTL generation for module 'soc_eq_solver_hps_ready'
Info: 2019.04.18.20:09:49 Info: ready:   Generation command is [exec C:/intelfpga_lite/18.1/quartus/bin64/perl/bin/perl.exe -I C:/intelfpga_lite/18.1/quartus/bin64/perl/lib -I C:/intelfpga_lite/18.1/quartus/sopc_builder/bin/europa -I C:/intelfpga_lite/18.1/quartus/sopc_builder/bin/perl_lib -I C:/intelfpga_lite/18.1/quartus/sopc_builder/bin -I C:/intelfpga_lite/18.1/quartus/../ip/altera/sopc_builder_ip/common -I C:/intelfpga_lite/18.1/quartus/../ip/altera/sopc_builder_ip/altera_avalon_pio -- C:/intelfpga_lite/18.1/quartus/../ip/altera/sopc_builder_ip/altera_avalon_pio/generate_rtl.pl --name=soc_eq_solver_hps_ready --dir=C:/Users/jramg/AppData/Local/Temp/alt8004_8809057463365077457.dir/0004_ready_gen/ --quartus_dir=C:/intelfpga_lite/18.1/quartus --vhdl --config=C:/Users/jramg/AppData/Local/Temp/alt8004_8809057463365077457.dir/0004_ready_gen//soc_eq_solver_hps_ready_component_configuration.pl  --do_build_sim=1    --sim_dir=C:/Users/jramg/AppData/Local/Temp/alt8004_8809057463365077457.dir/0004_ready_gen
Info: 2019.04.18.20:09:50 Info: ready: Done RTL generation for module 'soc_eq_solver_hps_ready'
Info: 2019.04.18.20:09:50 Info: ready: "soc_eq_solver_hps" instantiated altera_avalon_pio "ready"
Info: 2019.04.18.20:09:52 Info: avalon_st_adapter: Inserting error_adapter: error_adapter_0
Info: 2019.04.18.20:09:52 Info: avalon_st_adapter_001: Inserting error_adapter: error_adapter_0
Info: 2019.04.18.20:09:53 Info: mm_interconnect_0: "soc_eq_solver_hps" instantiated altera_mm_interconnect "mm_interconnect_0"
Info: 2019.04.18.20:09:55 Info: avalon_st_adapter: Inserting error_adapter: error_adapter_0
Info: 2019.04.18.20:09:55 Info: avalon_st_adapter_001: Inserting error_adapter: error_adapter_0
Info: 2019.04.18.20:09:56 Info: mm_interconnect_1: "soc_eq_solver_hps" instantiated altera_mm_interconnect "mm_interconnect_1"
Info: 2019.04.18.20:09:56 Info: irq_mapper: "soc_eq_solver_hps" instantiated altera_irq_mapper "irq_mapper"
Info: 2019.04.18.20:09:56 Info: rst_controller: "soc_eq_solver_hps" instantiated altera_reset_controller "rst_controller"
Info: 2019.04.18.20:09:56 Info: fpga_interfaces: "ARM_A9_HPS" instantiated altera_interface_generator "fpga_interfaces"
Info: 2019.04.18.20:09:57 Info: hps_io: "ARM_A9_HPS" instantiated altera_hps_io "hps_io"
Info: 2019.04.18.20:09:57 Info: sys_pll: Generating simgen model
Info: 2019.04.18.20:10:19 Info: sys_pll: Simgen was successful
Info: 2019.04.18.20:10:19 Info: sys_pll: "System_PLL" instantiated altera_pll "sys_pll"
Info: 2019.04.18.20:10:19 Info: reset_from_locked: "System_PLL" instantiated altera_up_avalon_reset_from_locked_signal "reset_from_locked"
Info: 2019.04.18.20:10:19 Info: fifo_HPS_to_FPGA_in_translator: "mm_interconnect_0" instantiated altera_merlin_slave_translator "fifo_HPS_to_FPGA_in_translator"
Info: 2019.04.18.20:10:19 Info: ARM_A9_HPS_h2f_axi_master_agent: "mm_interconnect_0" instantiated altera_merlin_axi_master_ni "ARM_A9_HPS_h2f_axi_master_agent"
Info: 2019.04.18.20:10:19 Info: fifo_HPS_to_FPGA_in_agent: "mm_interconnect_0" instantiated altera_merlin_slave_agent "fifo_HPS_to_FPGA_in_agent"
Info: 2019.04.18.20:10:19 Info: fifo_HPS_to_FPGA_in_agent_rsp_fifo: "mm_interconnect_0" instantiated altera_avalon_sc_fifo "fifo_HPS_to_FPGA_in_agent_rsp_fifo"
Info: 2019.04.18.20:10:19 Info: router: "mm_interconnect_0" instantiated altera_merlin_router "router"
Info: 2019.04.18.20:10:19 Info: router_002: "mm_interconnect_0" instantiated altera_merlin_router "router_002"
Info: 2019.04.18.20:10:19 Info: ARM_A9_HPS_h2f_axi_master_wr_limiter: "mm_interconnect_0" instantiated altera_merlin_traffic_limiter "ARM_A9_HPS_h2f_axi_master_wr_limiter"
Info: 2019.04.18.20:10:19 Info: Reusing file D:/personal/report/master thesis/design_files/soc_eq_solver_serial/soc_eq_solver_hps/simulation/submodules
Info: 2019.04.18.20:10:19 Info: fifo_HPS_to_FPGA_in_burst_adapter: "mm_interconnect_0" instantiated altera_merlin_burst_adapter "fifo_HPS_to_FPGA_in_burst_adapter"
Info: 2019.04.18.20:10:19 Info: Reusing file D:/personal/report/master thesis/design_files/soc_eq_solver_serial/soc_eq_solver_hps/simulation/submodules
Info: 2019.04.18.20:10:19 Info: Reusing file D:/personal/report/master thesis/design_files/soc_eq_solver_serial/soc_eq_solver_hps/simulation/submodules
Info: 2019.04.18.20:10:19 Info: cmd_demux: "mm_interconnect_0" instantiated altera_merlin_demultiplexer "cmd_demux"
Info: 2019.04.18.20:10:19 Info: cmd_mux: "mm_interconnect_0" instantiated altera_merlin_multiplexer "cmd_mux"
Info: 2019.04.18.20:10:19 Info: rsp_demux: "mm_interconnect_0" instantiated altera_merlin_demultiplexer "rsp_demux"
Info: 2019.04.18.20:10:19 Info: rsp_mux: "mm_interconnect_0" instantiated altera_merlin_multiplexer "rsp_mux"
Info: 2019.04.18.20:10:19 Info: Reusing file D:/personal/report/master thesis/design_files/soc_eq_solver_serial/soc_eq_solver_hps/simulation/submodules
Info: 2019.04.18.20:10:19 Info: fifo_HPS_to_FPGA_in_rsp_width_adapter: "mm_interconnect_0" instantiated altera_merlin_width_adapter "fifo_HPS_to_FPGA_in_rsp_width_adapter"
Info: 2019.04.18.20:10:19 Info: Reusing file D:/personal/report/master thesis/design_files/soc_eq_solver_serial/soc_eq_solver_hps/simulation/submodules
Info: 2019.04.18.20:10:19 Info: Reusing file D:/personal/report/master thesis/design_files/soc_eq_solver_serial/soc_eq_solver_hps/simulation/submodules
Info: 2019.04.18.20:10:20 Info: avalon_st_adapter: "mm_interconnect_0" instantiated altera_avalon_st_adapter "avalon_st_adapter"
Info: 2019.04.18.20:10:20 Info: router: "mm_interconnect_1" instantiated altera_merlin_router "router"
Info: 2019.04.18.20:10:20 Info: router_002: "mm_interconnect_1" instantiated altera_merlin_router "router_002"
Info: 2019.04.18.20:10:20 Info: cmd_demux: "mm_interconnect_1" instantiated altera_merlin_demultiplexer "cmd_demux"
Info: 2019.04.18.20:10:20 Info: cmd_mux: "mm_interconnect_1" instantiated altera_merlin_multiplexer "cmd_mux"
Info: 2019.04.18.20:10:20 Info: Reusing file D:/personal/report/master thesis/design_files/soc_eq_solver_serial/soc_eq_solver_hps/simulation/submodules
Info: 2019.04.18.20:10:20 Info: rsp_demux: "mm_interconnect_1" instantiated altera_merlin_demultiplexer "rsp_demux"
Info: 2019.04.18.20:10:20 Info: rsp_demux_001: "mm_interconnect_1" instantiated altera_merlin_demultiplexer "rsp_demux_001"
Info: 2019.04.18.20:10:20 Info: rsp_mux: "mm_interconnect_1" instantiated altera_merlin_multiplexer "rsp_mux"
Info: 2019.04.18.20:10:20 Info: Reusing file D:/personal/report/master thesis/design_files/soc_eq_solver_serial/soc_eq_solver_hps/simulation/submodules
Info: 2019.04.18.20:10:20 Info: crosser: "mm_interconnect_1" instantiated altera_avalon_st_handshake_clock_crosser "crosser"
Info: 2019.04.18.20:10:20 Info: Reusing file D:/personal/report/master thesis/design_files/soc_eq_solver_serial/soc_eq_solver_hps/simulation/submodules
Info: 2019.04.18.20:10:21 Info: border: "hps_io" instantiated altera_interface_generator "border"
Info: 2019.04.18.20:10:21 Info: Reusing file D:/personal/report/master thesis/design_files/soc_eq_solver_serial/soc_eq_solver_hps/simulation/submodules
Info: 2019.04.18.20:10:21 Info: Reusing file D:/personal/report/master thesis/design_files/soc_eq_solver_serial/soc_eq_solver_hps/simulation/submodules
Info: 2019.04.18.20:10:21 Info: Reusing file D:/personal/report/master thesis/design_files/soc_eq_solver_serial/soc_eq_solver_hps/simulation/submodules
Info: 2019.04.18.20:10:21 Info: Reusing file D:/personal/report/master thesis/design_files/soc_eq_solver_serial/soc_eq_solver_hps/simulation/submodules
Info: 2019.04.18.20:10:21 Info: Reusing file D:/personal/report/master thesis/design_files/soc_eq_solver_serial/soc_eq_solver_hps/simulation/submodules
Info: 2019.04.18.20:10:21 Info: Reusing file D:/personal/report/master thesis/design_files/soc_eq_solver_serial/soc_eq_solver_hps/simulation/submodules
Info: 2019.04.18.20:10:21 Info: Reusing file D:/personal/report/master thesis/design_files/soc_eq_solver_serial/soc_eq_solver_hps/simulation/submodules
Info: 2019.04.18.20:10:21 Info: error_adapter_0: "avalon_st_adapter" instantiated error_adapter "error_adapter_0"
Info: 2019.04.18.20:10:21 Info: soc_eq_solver_hps: Done "soc_eq_solver_hps" with 38 modules, 71 files
Info: 2019.04.18.20:10:21 Info: qsys-generate succeeded.
Info: 2019.04.18.20:10:21 Info: Finished: Create simulation model
Info: 2019.04.18.20:10:21 Info: Starting: Create Modelsim Project.
Info: 2019.04.18.20:10:21 Info: Doing: ip-make-simscript --spd=D:\personal\report\master thesis\design_files\soc_eq_solver_serial\soc_eq_solver_hps\soc_eq_solver_hps.spd --output-directory=D:/personal/report/master thesis/design_files/soc_eq_solver_serial/soc_eq_solver_hps/simulation
Info: 2019.04.18.20:10:23 Info: Generating the following file(s) for MODELSIM simulator in D:/personal/report/master thesis/design_files/soc_eq_solver_serial/soc_eq_solver_hps/simulation
Info: 2019.04.18.20:10:23 Info:     mentor
Info: 2019.04.18.20:10:23 Info: Skipping VCS script generation since VHDL file $QUARTUS_INSTALL_DIR/eda/sim_lib
Info: 2019.04.18.20:10:23 Info: Generating the following file(s) for VCSMX simulator in D:/personal/report/master thesis/design_files/soc_eq_solver_serial/soc_eq_solver_hps/simulation
Info: 2019.04.18.20:10:23 Info:     synopsys/vcsmx
Info: 2019.04.18.20:10:23 Info:     synopsys/vcsmx
Info: 2019.04.18.20:10:23 Info: Generating the following file(s) for NCSIM simulator in D:/personal/report/master thesis/design_files/soc_eq_solver_serial/soc_eq_solver_hps/simulation
Info: 2019.04.18.20:10:23 Info:     cadence
Info: 2019.04.18.20:10:24 Info:     cadence
Info: 2019.04.18.20:10:24 Info:     cadence
Info: 2019.04.18.20:10:24 Info:     32 .cds.lib files in cadence/cds_libs
Info: 2019.04.18.20:10:24 Info: Generating the following file(s) for RIVIERA simulator in D:/personal/report/master thesis/design_files/soc_eq_solver_serial/soc_eq_solver_hps/simulation
Info: 2019.04.18.20:10:24 Info:     aldec
Info: 2019.04.18.20:10:24 Info: For information on how to simulate your IP, see the explanatory comments in the simulator-specific subdirectories under D:/personal/report/master thesis/design_files/soc_eq_solver_serial/soc_eq_solver_hps/simulation
Info: 2019.04.18.20:10:24 Info: Regenerate these scripts whenever you make any change to any Quartus-generated IP in your project.
Info: 2019.04.18.20:10:24 Info: Finished: Create Modelsim Project.
Info: 2019.04.18.20:10:24 Info: Starting: Create block symbol file (.bsf)
Info: 2019.04.18.20:10:24 Info: qsys-generate "D:\personal\report\master thesis\design_files\soc_eq_solver_serial\soc_eq_solver_hps.qsys" --block-symbol-file --output-directory="D:\personal\report\master thesis\design_files\soc_eq_solver_serial\soc_eq_solver_hps" --family="Cyclone V" --part=5CSEMA5F31C6
Info: 2019.04.18.20:10:24 Info: Loading soc_eq_solver_serial
Info: 2019.04.18.20:10:24 Info: Reading input file
Info: 2019.04.18.20:10:24 Info: Adding ARM_A9_HPS [altera_hps 18.1]
Info: 2019.04.18.20:10:24 Info: Parameterizing module ARM_A9_HPS
Info: 2019.04.18.20:10:24 Info: Adding Onchip_SRAM [altera_avalon_onchip_memory2 18.1]
Info: 2019.04.18.20:10:24 Info: Parameterizing module Onchip_SRAM
Info: 2019.04.18.20:10:24 Info: Adding System_PLL [altera_up_avalon_sys_sdram_pll 18.0]
Info: 2019.04.18.20:10:24 Info: Parameterizing module System_PLL
Info: 2019.04.18.20:10:24 Info: Adding clock_bridge_0 [altera_clock_bridge 18.1]
Info: 2019.04.18.20:10:24 Info: Parameterizing module clock_bridge_0
Info: 2019.04.18.20:10:24 Info: Adding fifo_HPS_to_FPGA [altera_avalon_fifo 18.1]
Info: 2019.04.18.20:10:24 Info: Parameterizing module fifo_HPS_to_FPGA
Info: 2019.04.18.20:10:24 Info: Adding ready [altera_avalon_pio 18.1]
Info: 2019.04.18.20:10:24 Info: Parameterizing module ready
Info: 2019.04.18.20:10:24 Info: Building connections
Info: 2019.04.18.20:10:24 Info: Parameterizing connections
Info: 2019.04.18.20:10:24 Info: Validating
Info: 2019.04.18.20:10:31 Info: Done reading input file
Info: 2019.04.18.20:10:34 Info: soc_eq_solver_hps.ARM_A9_HPS: HPS Main PLL counter settings: n = 0  m = 73
Info: 2019.04.18.20:10:34 Info: soc_eq_solver_hps.ARM_A9_HPS: HPS peripherial PLL counter settings: n = 0  m = 39
Warning: 2019.04.18.20:10:34 Warning: soc_eq_solver_hps.ARM_A9_HPS: "QSPI clock frequency" (desired_qspi_clk_mhz) requested 400.0 MHz, but only achieved 370.0 MHz
Warning: 2019.04.18.20:10:35 Warning: soc_eq_solver_hps.ARM_A9_HPS: 1 or more output clock frequencies cannot be achieved precisely, consider revising desired output clock frequencies.
Info: 2019.04.18.20:10:35 Info: soc_eq_solver_hps.System_PLL: Refclk Freq: 50.0
Warning: 2019.04.18.20:10:35 Warning: soc_eq_solver_hps.: You have exported the interface fifo_HPS_to_FPGA.out but not its associated reset interface.  Export the driver(s) of fifo_HPS_to_FPGA.reset_out
Warning: 2019.04.18.20:10:35 Warning: soc_eq_solver_hps.: You have exported the interface fifo_HPS_to_FPGA.out_csr but not its associated reset interface.  Export the driver(s) of fifo_HPS_to_FPGA.reset_out
Warning: 2019.04.18.20:10:35 Warning: soc_eq_solver_hps.: You have exported the interface Onchip_SRAM.s1 but not its associated reset interface.  Export the driver(s) of Onchip_SRAM.reset1
Info: 2019.04.18.20:10:36 Info: qsys-generate succeeded.
Info: 2019.04.18.20:10:36 Info: Finished: Create block symbol file (.bsf)
Info: 2019.04.18.20:10:36 Info:
Info: 2019.04.18.20:10:36 Info: Starting: Create HDL design files for synthesis
Info: 2019.04.18.20:10:36 Info: qsys-generate "D:\personal\report\master thesis\design_files\soc_eq_solver_serial\soc_eq_solver_hps.qsys" --synthesis=VHDL --output-directory="D:\personal\report\master thesis\design_files\soc_eq_solver_serial\soc_eq_solver_hps\synthesis" --family="Cyclone V" --part=5CSEMA5F31C6
Info: 2019.04.18.20:10:36 Info: Loading soc_eq_solver_serial
Info: 2019.04.18.20:10:36 Info: Reading input file
Info: 2019.04.18.20:10:36 Info: Adding ARM_A9_HPS [altera_hps 18.1]
Info: 2019.04.18.20:10:36 Info: Parameterizing module ARM_A9_HPS
Info: 2019.04.18.20:10:36 Info: Adding Onchip_SRAM [altera_avalon_onchip_memory2 18.1]
Info: 2019.04.18.20:10:36 Info: Parameterizing module Onchip_SRAM
Info: 2019.04.18.20:10:36 Info: Adding System_PLL [altera_up_avalon_sys_sdram_pll 18.0]
Info: 2019.04.18.20:10:36 Info: Parameterizing module System_PLL
Info: 2019.04.18.20:10:36 Info: Adding clock_bridge_0 [altera_clock_bridge 18.1]
Info: 2019.04.18.20:10:36 Info: Parameterizing module clock_bridge_0
Info: 2019.04.18.20:10:36 Info: Adding fifo_HPS_to_FPGA [altera_avalon_fifo 18.1]
Info: 2019.04.18.20:10:36 Info: Parameterizing module fifo_HPS_to_FPGA
Info: 2019.04.18.20:10:36 Info: Adding ready [altera_avalon_pio 18.1]
Info: 2019.04.18.20:10:36 Info: Parameterizing module ready
Info: 2019.04.18.20:10:36 Info: Building connections
Info: 2019.04.18.20:10:36 Info: Parameterizing connections
Info: 2019.04.18.20:10:36 Info: Validating
Info: 2019.04.18.20:10:43 Info: Done reading input file
Info: 2019.04.18.20:10:47 Info: soc_eq_solver_hps.ARM_A9_HPS: HPS Main PLL counter settings: n = 0  m = 73
Info: 2019.04.18.20:10:47 Info: soc_eq_solver_hps.ARM_A9_HPS: HPS peripherial PLL counter settings: n = 0  m = 39
Warning: 2019.04.18.20:10:47 Warning: soc_eq_solver_hps.ARM_A9_HPS: "QSPI clock frequency" (desired_qspi_clk_mhz) requested 400.0 MHz, but only achieved 370.0 MHz
Warning: 2019.04.18.20:10:47 Warning: soc_eq_solver_hps.ARM_A9_HPS: 1 or more output clock frequencies cannot be achieved precisely, consider revising desired output clock frequencies.
Info: 2019.04.18.20:10:47 Info: soc_eq_solver_hps.System_PLL: Refclk Freq: 50.0
Warning: 2019.04.18.20:10:47 Warning: soc_eq_solver_hps.: You have exported the interface fifo_HPS_to_FPGA.out but not its associated reset interface.  Export the driver(s) of fifo_HPS_to_FPGA.reset_out
Warning: 2019.04.18.20:10:47 Warning: soc_eq_solver_hps.: You have exported the interface fifo_HPS_to_FPGA.out_csr but not its associated reset interface.  Export the driver(s) of fifo_HPS_to_FPGA.reset_out
Warning: 2019.04.18.20:10:47 Warning: soc_eq_solver_hps.: You have exported the interface Onchip_SRAM.s1 but not its associated reset interface.  Export the driver(s) of Onchip_SRAM.reset1
Info: 2019.04.18.20:10:49 Info: soc_eq_solver_hps: Generating soc_eq_solver_hps "soc_eq_solver_hps" for QUARTUS_SYNTH
Info: 2019.04.18.20:10:54 Info: Inserting clock-crossing logic between cmd_demux.src1 and cmd_mux_001.sink0
Info: 2019.04.18.20:10:54 Info: Inserting clock-crossing logic between cmd_demux_001.src1 and cmd_mux_001.sink1
Info: 2019.04.18.20:10:54 Info: Inserting clock-crossing logic between rsp_demux_001.src0 and rsp_mux.sink1
Info: 2019.04.18.20:10:54 Info: Inserting clock-crossing logic between rsp_demux_001.src1 and rsp_mux_001.sink1
Warning: 2019.04.18.20:10:54 Warning: ARM_A9_HPS.f2h_irq0: Cannot connect clock for irq_mapper.sender
Warning: 2019.04.18.20:10:54 Warning: ARM_A9_HPS.f2h_irq0: Cannot connect reset for irq_mapper.sender
Warning: 2019.04.18.20:10:54 Warning: ARM_A9_HPS.f2h_irq1: Cannot connect clock for irq_mapper_001.sender
Warning: 2019.04.18.20:10:54 Warning: ARM_A9_HPS.f2h_irq1: Cannot connect reset for irq_mapper_001.sender
Info: 2019.04.18.20:10:59 Info: ARM_A9_HPS: "Running  for module: ARM_A9_HPS"
Info: 2019.04.18.20:11:00 Info: ARM_A9_HPS: HPS Main PLL counter settings: n = 0  m = 73
Info: 2019.04.18.20:11:00 Info: ARM_A9_HPS: HPS peripherial PLL counter settings: n = 0  m = 39
Warning: 2019.04.18.20:11:00 Warning: ARM_A9_HPS: "QSPI clock frequency" (desired_qspi_clk_mhz) requested 400.0 MHz, but only achieved 370.0 MHz
Warning: 2019.04.18.20:11:00 Warning: ARM_A9_HPS: 1 or more output clock frequencies cannot be achieved precisely, consider revising desired output clock frequencies.
Info: 2019.04.18.20:11:02 Info: ARM_A9_HPS: "soc_eq_solver_hps" instantiated altera_hps "ARM_A9_HPS"
Info: 2019.04.18.20:11:02 Info: Onchip_SRAM: Starting RTL generation for module 'soc_eq_solver_hps_Onchip_SRAM'
Info: 2019.04.18.20:11:02 Info: Onchip_SRAM:   Generation command is [exec C:/intelfpga_lite/18.1/quartus/bin64/perl/bin/perl.exe -I C:/intelfpga_lite/18.1/quartus/bin64/perl/lib -I C:/intelfpga_lite/18.1/quartus/sopc_builder/bin/europa -I C:/intelfpga_lite/18.1/quartus/sopc_builder/bin/perl_lib -I C:/intelfpga_lite/18.1/quartus/sopc_builder/bin -I C:/intelfpga_lite/18.1/quartus/../ip/altera/sopc_builder_ip/common -I C:/intelfpga_lite/18.1/quartus/../ip/altera/sopc_builder_ip/altera_avalon_onchip_memory2 -- C:/intelfpga_lite/18.1/quartus/../ip/altera/sopc_builder_ip/altera_avalon_onchip_memory2/generate_rtl.pl --name=soc_eq_solver_hps_Onchip_SRAM --dir=C:/Users/jramg/AppData/Local/Temp/alt8004_8809057463365077457.dir/0034_Onchip_SRAM_gen/ --quartus_dir=C:/intelfpga_lite/18.1/quartus --verilog --config=C:/Users/jramg/AppData/Local/Temp/alt8004_8809057463365077457.dir/0034_Onchip_SRAM_gen/
Info: 2019.04.18.20:11:03 Info: Onchip_SRAM: Done RTL generation for module 'soc_eq_solver_hps_Onchip_SRAM'
Info: 2019.04.18.20:11:03 Info: Onchip_SRAM: "soc_eq_solver_hps" instantiated altera_avalon_onchip_memory2 "Onchip_SRAM"
Info: 2019.04.18.20:11:04 Info: System_PLL: "soc_eq_solver_hps" instantiated altera_up_avalon_sys_sdram_pll "System_PLL"
Info: 2019.04.18.20:11:04 Info: fifo_HPS_to_FPGA: Starting RTL generation for module 'soc_eq_solver_hps_fifo_HPS_to_FPGA'
Info: 2019.04.18.20:11:04 Info: fifo_HPS_to_FPGA:   Generation command is [exec C:/intelfpga_lite/18.1/quartus/bin64/perl/bin/perl.exe -I C:/intelfpga_lite/18.1/quartus/bin64/perl/lib -I C:/intelfpga_lite/18.1/quartus/sopc_builder/bin/europa -I C:/intelfpga_lite/18.1/quartus/sopc_builder/bin/perl_lib -I C:/intelfpga_lite/18.1/quartus/sopc_builder/bin -I C:/intelfpga_lite/18.1/quartus/../ip/altera/sopc_builder_ip/common -I C:/intelfpga_lite/18.1/quartus/../ip/altera/sopc_builder_ip/altera_avalon_fifo -- C:/intelfpga_lite/18.1/quartus/../ip/altera/sopc_builder_ip/altera_avalon_fifo/generate_rtl.pl --name=soc_eq_solver_hps_fifo_HPS_to_FPGA --dir=C:/Users/jramg/AppData/Local/Temp/alt8004_8809057463365077457.dir/0035_fifo_HPS_to_FPGA_gen/ --quartus_dir=C:/intelfpga_lite/18.1/quartus --verilog --config=C:/Users/jramg/AppData/Local/Temp/alt8004_8809057463365077457.dir/0035_fifo_HPS_to_FPGA_gen/
Info: 2019.04.18.20:11:05 Info: fifo_HPS_to_FPGA: Done RTL generation for module 'soc_eq_solver_hps_fifo_HPS_to_FPGA'
Info: 2019.04.18.20:11:05 Info: fifo_HPS_to_FPGA: "soc_eq_solver_hps" instantiated altera_avalon_fifo "fifo_HPS_to_FPGA"
Info: 2019.04.18.20:11:05 Info: ready: Starting RTL generation for module 'soc_eq_solver_hps_ready'
Info: 2019.04.18.20:11:05 Info: ready:   Generation command is [exec C:/intelfpga_lite/18.1/quartus/bin64/perl/bin/perl.exe -I C:/intelfpga_lite/18.1/quartus/bin64/perl/lib -I C:/intelfpga_lite/18.1/quartus/sopc_builder/bin/europa -I C:/intelfpga_lite/18.1/quartus/sopc_builder/bin/perl_lib -I C:/intelfpga_lite/18.1/quartus/sopc_builder/bin -I C:/intelfpga_lite/18.1/quartus/../ip/altera/sopc_builder_ip/common -I C:/intelfpga_lite/18.1/quartus/../ip/altera/sopc_builder_ip/altera_avalon_pio -- C:/intelfpga_lite/18.1/quartus/../ip/altera/sopc_builder_ip/altera_avalon_pio/generate_rtl.pl --name=soc_eq_solver_hps_ready --dir=C:/Users/jramg/AppData/Local/Temp/alt8004_8809057463365077457.dir/0036_ready_gen/ --quartus_dir=C:/intelfpga_lite/18.1/quartus --verilog --config=C:/Users/jramg/AppData/Local/Temp/alt8004_8809057463365077457.dir/0036_ready_gen/
Info: 2019.04.18.20:11:06 Info: ready: Done RTL generation for module 'soc_eq_solver_hps_ready'
Info: 2019.04.18.20:11:06 Info: ready: "soc_eq_solver_hps" instantiated altera_avalon_pio "ready"
Info: 2019.04.18.20:11:07 Info: avalon_st_adapter: Inserting error_adapter: error_adapter_0
Info: 2019.04.18.20:11:08 Info: avalon_st_adapter_001: Inserting error_adapter: error_adapter_0
Info: 2019.04.18.20:11:09 Info: mm_interconnect_0: "soc_eq_solver_hps" instantiated altera_mm_interconnect "mm_interconnect_0"
Info: 2019.04.18.20:11:10 Info: avalon_st_adapter: Inserting error_adapter: error_adapter_0
Info: 2019.04.18.20:11:10 Info: avalon_st_adapter_001: Inserting error_adapter: error_adapter_0
Info: 2019.04.18.20:11:11 Info: mm_interconnect_1: "soc_eq_solver_hps" instantiated altera_mm_interconnect "mm_interconnect_1"
Info: 2019.04.18.20:11:11 Info: irq_mapper: "soc_eq_solver_hps" instantiated altera_irq_mapper "irq_mapper"
Info: 2019.04.18.20:11:11 Info: rst_controller: "soc_eq_solver_hps" instantiated altera_reset_controller "rst_controller"
Info: 2019.04.18.20:11:12 Info: fpga_interfaces: "ARM_A9_HPS" instantiated altera_interface_generator "fpga_interfaces"
Info: 2019.04.18.20:11:12 Info: hps_io: "ARM_A9_HPS" instantiated altera_hps_io "hps_io"
Info: 2019.04.18.20:11:12 Info: sys_pll: "System_PLL" instantiated altera_pll "sys_pll"
Info: 2019.04.18.20:11:12 Info: reset_from_locked: "System_PLL" instantiated altera_up_avalon_reset_from_locked_signal "reset_from_locked"
Info: 2019.04.18.20:11:12 Info: fifo_HPS_to_FPGA_in_translator: "mm_interconnect_0" instantiated altera_merlin_slave_translator "fifo_HPS_to_FPGA_in_translator"
Info: 2019.04.18.20:11:12 Info: ARM_A9_HPS_h2f_axi_master_agent: "mm_interconnect_0" instantiated altera_merlin_axi_master_ni "ARM_A9_HPS_h2f_axi_master_agent"
Info: 2019.04.18.20:11:12 Info: fifo_HPS_to_FPGA_in_agent: "mm_interconnect_0" instantiated altera_merlin_slave_agent "fifo_HPS_to_FPGA_in_agent"
Info: 2019.04.18.20:11:12 Info: fifo_HPS_to_FPGA_in_agent_rsp_fifo: "mm_interconnect_0" instantiated altera_avalon_sc_fifo "fifo_HPS_to_FPGA_in_agent_rsp_fifo"
Info: 2019.04.18.20:11:12 Info: router: "mm_interconnect_0" instantiated altera_merlin_router "router"
Info: 2019.04.18.20:11:13 Info: router_002: "mm_interconnect_0" instantiated altera_merlin_router "router_002"
Info: 2019.04.18.20:11:13 Info: ARM_A9_HPS_h2f_axi_master_wr_limiter: "mm_interconnect_0" instantiated altera_merlin_traffic_limiter "ARM_A9_HPS_h2f_axi_master_wr_limiter"
Info: 2019.04.18.20:11:13 Info: Reusing file D:/personal/report/master thesis/design_files/soc_eq_solver_serial/soc_eq_solver_hps/synthesis/submodules
Info: 2019.04.18.20:11:13 Info: fifo_HPS_to_FPGA_in_burst_adapter: "mm_interconnect_0" instantiated altera_merlin_burst_adapter "fifo_HPS_to_FPGA_in_burst_adapter"
Info: 2019.04.18.20:11:13 Info: Reusing file D:/personal/report/master thesis/design_files/soc_eq_solver_serial/soc_eq_solver_hps/synthesis/submodules
Info: 2019.04.18.20:11:13 Info: Reusing file D:/personal/report/master thesis/design_files/soc_eq_solver_serial/soc_eq_solver_hps/synthesis/submodules
Info: 2019.04.18.20:11:13 Info: cmd_demux: "mm_interconnect_0" instantiated altera_merlin_demultiplexer "cmd_demux"
Info: 2019.04.18.20:11:13 Info: cmd_mux: "mm_interconnect_0" instantiated altera_merlin_multiplexer "cmd_mux"
Info: 2019.04.18.20:11:13 Info: rsp_demux: "mm_interconnect_0" instantiated altera_merlin_demultiplexer "rsp_demux"
Info: 2019.04.18.20:11:13 Info: rsp_mux: "mm_interconnect_0" instantiated altera_merlin_multiplexer "rsp_mux"
Info: 2019.04.18.20:11:13 Info: Reusing file D:/personal/report/master thesis/design_files/soc_eq_solver_serial/soc_eq_solver_hps/synthesis/submodules
Info: 2019.04.18.20:11:13 Info: fifo_HPS_to_FPGA_in_rsp_width_adapter: "mm_interconnect_0" instantiated altera_merlin_width_adapter "fifo_HPS_to_FPGA_in_rsp_width_adapter"
Info: 2019.04.18.20:11:13 Info: Reusing file D:/personal/report/master thesis/design_files/soc_eq_solver_serial/soc_eq_solver_hps/synthesis/submodules
Info: 2019.04.18.20:11:13 Info: Reusing file D:/personal/report/master thesis/design_files/soc_eq_solver_serial/soc_eq_solver_hps/synthesis/submodules
Info: 2019.04.18.20:11:13 Info: avalon_st_adapter: "mm_interconnect_0" instantiated altera_avalon_st_adapter "avalon_st_adapter"
Info: 2019.04.18.20:11:13 Info: router: "mm_interconnect_1" instantiated altera_merlin_router "router"
Info: 2019.04.18.20:11:14 Info: router_002: "mm_interconnect_1" instantiated altera_merlin_router "router_002"
Info: 2019.04.18.20:11:14 Info: cmd_demux: "mm_interconnect_1" instantiated altera_merlin_demultiplexer "cmd_demux"
Info: 2019.04.18.20:11:14 Info: cmd_mux: "mm_interconnect_1" instantiated altera_merlin_multiplexer "cmd_mux"
Info: 2019.04.18.20:11:14 Info: Reusing file D:/personal/report/master thesis/design_files/soc_eq_solver_serial/soc_eq_solver_hps/synthesis/submodules
Info: 2019.04.18.20:11:14 Info: rsp_demux: "mm_interconnect_1" instantiated altera_merlin_demultiplexer "rsp_demux"
Info: 2019.04.18.20:11:14 Info: rsp_demux_001: "mm_interconnect_1" instantiated altera_merlin_demultiplexer "rsp_demux_001"
Info: 2019.04.18.20:11:14 Info: rsp_mux: "mm_interconnect_1" instantiated altera_merlin_multiplexer "rsp_mux"
Info: 2019.04.18.20:11:14 Info: Reusing file D:/personal/report/master thesis/design_files/soc_eq_solver_serial/soc_eq_solver_hps/synthesis/submodules
Info: 2019.04.18.20:11:14 Info: crosser: "mm_interconnect_1" instantiated altera_avalon_st_handshake_clock_crosser "crosser"
Info: 2019.04.18.20:11:14 Info: Reusing file D:/personal/report/master thesis/design_files/soc_eq_solver_serial/soc_eq_solver_hps/synthesis/submodules
Info: 2019.04.18.20:11:50 Info: border: "hps_io" instantiated altera_interface_generator "border"
Info: 2019.04.18.20:11:50 Info: error_adapter_0: "avalon_st_adapter" instantiated error_adapter "error_adapter_0"
Info: 2019.04.18.20:11:50 Info: soc_eq_solver_hps: Done "soc_eq_solver_hps" with 38 modules, 102 files
Info: 2019.04.18.20:11:51 Info: qsys-generate succeeded.
Info: 2019.04.18.20:11:51 Info: Finished: Create HDL design files for synthesis
Info (11131): Completed upgrading IP component Qsys with file "soc_eq_solver_hps.qsys"
Info (23030): Evaluation of Tcl script c:/intelfpga_lite/18.1/quartus/common/tcl/internal/ip_regen/ip_regen.tcl was successful
Info: Quartus Prime Shell was successful. 0 errors, 32 warnings
    Info: Peak virtual memory: 4952 megabytes
    Info: Processing ended: Thu Apr 18 20:12:07 2019
    Info: Elapsed time: 00:03:55
    Info: Total CPU time (on all processors): 00:05:01


